e:\projects\visual_studio_projects\vldx11\vldx11\x64\debug\vc141.pdb
e:\projects\visual_studio_projects\vldx11\vldx11\x64\debug\vc141.idb
e:\projects\visual_studio_projects\vldx11\vldx11\x64\debug\camera.obj
e:\projects\visual_studio_projects\vldx11\vldx11\x64\debug\drawable.obj
e:\projects\visual_studio_projects\vldx11\vldx11\x64\debug\drawablegroup.obj
e:\projects\visual_studio_projects\vldx11\vldx11\x64\debug\frameuniform.obj
e:\projects\visual_studio_projects\vldx11\vldx11\x64\debug\light.obj
e:\projects\visual_studio_projects\vldx11\vldx11\x64\debug\main.obj
e:\projects\visual_studio_projects\vldx11\vldx11\x64\debug\material.obj
e:\projects\visual_studio_projects\vldx11\vldx11\x64\debug\mesh.obj
e:\projects\visual_studio_projects\vldx11\vldx11\x64\debug\object.obj
e:\projects\visual_studio_projects\vldx11\vldx11\x64\debug\orbitcamera.obj
e:\projects\visual_studio_projects\vldx11\vldx11\x64\debug\scene.obj
e:\projects\visual_studio_projects\vldx11\vldx11\x64\debug\sceneuniform.obj
e:\projects\visual_studio_projects\vldx11\vldx11\x64\debug\transform.obj
e:\projects\visual_studio_projects\vldx11\vldx11\x64\debug\texture.obj
e:\projects\visual_studio_projects\vldx11\vldx11\x64\debug\renderer.obj
e:\projects\visual_studio_projects\vldx11\vldx11\x64\debug\ddstextureloader.obj
e:\projects\visual_studio_projects\vldx11\vldx11\x64\debug\wictextureloader.obj
e:\projects\visual_studio_projects\vldx11\vldx11\x64\debug\objectuniform.obj
e:\projects\visual_studio_projects\vldx11\x64\debug\mypixellambertdirectionallight.cso
e:\projects\visual_studio_projects\vldx11\x64\debug\mypixeltexturedirectionallight.cso
e:\projects\visual_studio_projects\vldx11\x64\debug\vldx11.exe
e:\projects\visual_studio_projects\vldx11\x64\debug\vldx11.ilk
e:\projects\visual_studio_projects\vldx11\x64\debug\vldx11.pdb
e:\projects\visual_studio_projects\vldx11\vldx11\x64\debug\vldx11.tlog\cl.command.1.tlog
e:\projects\visual_studio_projects\vldx11\vldx11\x64\debug\vldx11.tlog\cl.read.1.tlog
e:\projects\visual_studio_projects\vldx11\vldx11\x64\debug\vldx11.tlog\cl.write.1.tlog
e:\projects\visual_studio_projects\vldx11\vldx11\x64\debug\vldx11.tlog\fxc.command.1.tlog
e:\projects\visual_studio_projects\vldx11\vldx11\x64\debug\vldx11.tlog\fxc.read.1.tlog
e:\projects\visual_studio_projects\vldx11\vldx11\x64\debug\vldx11.tlog\fxc.write.1.tlog
e:\projects\visual_studio_projects\vldx11\vldx11\x64\debug\vldx11.tlog\link.command.1.tlog
e:\projects\visual_studio_projects\vldx11\vldx11\x64\debug\vldx11.tlog\link.read.1.tlog
e:\projects\visual_studio_projects\vldx11\vldx11\x64\debug\vldx11.tlog\link.write.1.tlog
e:\projects\visual_studio_projects\vldx11\vldx11\x64\debug\vldx11.tlog\vldx11.write.1u.tlog
